<?xml version="1.0" encoding="UTF-8"?>
<!-- Generated by org.testng.reporters.JUnitReportReporter -->
<testsuite hostname="LAPTOP-28BLMORI" failures="0" tests="1" name="Myntra.OpenBrowser" time="0.017" errors="0" timestamp="2024-12-08T15:06:13 IST" skipped="0">
  <testcase classname="Myntra.OpenBrowser" name="run" time="0.017"/>
</testsuite> <!-- Myntra.OpenBrowser -->
